14:44:57.711 ERROR 3847 --- [Test worker] UserServiceImpl : - Пользователь: null ввел неверный текущий пароль.
14:44:57.722 ERROR 3858 --- [Test worker] UserServiceImpl : - У пользователя: null ошибка при валидации полей: [CustomValidationError[field=newPassword, message=Новый пароль не должен быть пустым!]]
14:44:57.730 INFO  3866 --- [Test worker] UserServiceImpl : - Пользователь: null успешно сменил пароль
14:44:57.734 ERROR 3870 --- [Test worker] UserServiceImpl : - У пользователя: null ошибка при валидации пароля: [just to test]
14:52:32.074 INFO  126  --- [Test worker] DoctorServiceImpl : - Mapping Doctor to DoctorDTO: Doctor(experience=null, specialty=null, qualifications=null, isAccepted=null)
14:52:32.089 INFO  141  --- [Test worker] DoctorServiceImpl : - result: DoctorDTO[firstname=firstname, lastname=lastname, email=null, age=null, role=null, experience=null, specialty=null, qualifications=null, isAccepted=null]
14:52:59.496 INFO  120  --- [Test worker] DoctorServiceImpl : - Mapping Doctor to DoctorDTO: Doctor(experience=null, specialty=null, qualifications=null, isAccepted=null)
14:52:59.506 INFO  130  --- [Test worker] DoctorServiceImpl : - result: DoctorDTO[firstname=firstname, lastname=lastname, email=null, age=null, role=null, experience=null, specialty=null, qualifications=null, isAccepted=null]
15:00:44.997 INFO  202  --- [Test worker] DoctorServiceImpl : - Mapping Doctor to DoctorDTO: Doctor(experience=null, specialty=null, qualifications=null, isAccepted=null)
15:00:45.013 INFO  218  --- [Test worker] DoctorServiceImpl : - result: DoctorDTO[firstname=firstname, lastname=lastname, email=null, age=null, role=null, experience=null, specialty=null, qualifications=null, isAccepted=null]
15:00:54.556 INFO  170  --- [Test worker] DoctorServiceImpl : - Mapping Doctor to DoctorDTO: Doctor(experience=null, specialty=null, qualifications=null, isAccepted=null)
15:00:54.562 INFO  176  --- [Test worker] DoctorServiceImpl : - result: DoctorDTO[firstname=firstname, lastname=lastname, email=null, age=null, role=null, experience=null, specialty=null, qualifications=null, isAccepted=null]
15:00:57.756 ERROR 3370 --- [Test worker] UserServiceImpl : - Пользователь: null ввел неверный текущий пароль.
15:00:57.760 ERROR 3374 --- [Test worker] UserServiceImpl : - У пользователя: null ошибка при валидации полей: [CustomValidationError[field=newPassword, message=Новый пароль не должен быть пустым!]]
15:00:57.765 INFO  3379 --- [Test worker] UserServiceImpl : - Пользователь: null успешно сменил пароль
15:00:57.768 ERROR 3382 --- [Test worker] UserServiceImpl : - У пользователя: null ошибка при валидации пароля: [just to test]
15:05:25.966 INFO  12484 --- [http-nio-8080-exec-2] DoctorServiceImpl : - Доктор по айди 1 подтвержден
19:00:26.077 INFO  145  --- [Test worker] DoctorServiceImpl : - Mapping Doctor to DoctorDTO: Doctor(experience=null, specialty=null, qualifications=null, isAccepted=null, lastModified=null)
19:00:26.096 INFO  164  --- [Test worker] DoctorServiceImpl : - result: DoctorDTO[firstname=firstname, lastname=lastname, email=null, age=null, role=null, experience=null, specialty=null, qualifications=null, isAccepted=null]
19:00:32.407 INFO  143  --- [Test worker] DoctorServiceImpl : - Mapping Doctor to DoctorDTO: Doctor(experience=null, specialty=null, qualifications=null, isAccepted=null, lastModified=null)
19:00:32.417 INFO  153  --- [Test worker] DoctorServiceImpl : - result: DoctorDTO[firstname=firstname, lastname=lastname, email=null, age=null, role=null, experience=null, specialty=null, qualifications=null, isAccepted=null]
19:04:53.398 INFO  254447 --- [http-nio-8080-exec-6] DoctorServiceImpl : - Добавлена дополнительная информация для доктора Doctor(experience=3, specialty=ENT, qualifications=[23, 2], isAccepted=true, lastModified=null)
19:05:22.570 INFO  283619 --- [http-nio-8080-exec-7] DoctorServiceImpl : - Добавлена дополнительная информация для доктора Doctor(experience=5, specialty=ENT, qualifications=[23, 2], isAccepted=true, lastModified=null)
19:05:39.864 INFO  300913 --- [http-nio-8080-exec-8] DoctorServiceImpl : - Добавлена дополнительная информация для доктора Doctor(experience=5, specialty=ENT, qualifications=[23, 2], isAccepted=true, lastModified=2023-11-15T19:05:22.539313)
19:05:57.846 INFO  14595 --- [http-nio-8080-exec-1] DoctorServiceImpl : - Добавлена дополнительная информация для доктора Doctor(experience=5, specialty=ENT, qualifications=[23, 2], isAccepted=true, lastModified=2023-11-15T19:05:22.539313)
19:05:59.083 INFO  15832 --- [http-nio-8080-exec-3] DoctorServiceImpl : - Добавлена дополнительная информация для доктора Doctor(experience=5, specialty=ENT, qualifications=[23, 2], isAccepted=true, lastModified=2023-11-15T19:05:22.539313)
19:06:13.852 INFO  10794 --- [http-nio-8080-exec-1] DoctorServiceImpl : - Добавлена дополнительная информация для доктора Doctor(experience=5, specialty=ENT, qualifications=[23, 2], isAccepted=true, lastModified=2023-11-15T19:05:22.539313)
19:06:30.033 INFO  10061 --- [http-nio-8080-exec-2] DoctorServiceImpl : - Добавлена дополнительная информация для доктора Doctor(experience=5, specialty=ENT, qualifications=[23, 2], isAccepted=true, lastModified=2023-11-15T19:05:22.539313)
19:07:21.550 INFO  6913 --- [http-nio-8080-exec-1] DoctorServiceImpl : - Добавлена дополнительная информация для доктора Doctor(experience=5, specialty=ENT, qualifications=[23, 2], isAccepted=true, lastModified=2023-11-15T19:05:22.539313)
19:07:22.850 INFO  8213 --- [http-nio-8080-exec-3] DoctorServiceImpl : - Добавлена дополнительная информация для доктора Doctor(experience=5, specialty=ENT, qualifications=[23, 2], isAccepted=true, lastModified=2023-11-15T19:05:22.539313)
19:07:40.118 INFO  8330 --- [http-nio-8080-exec-1] DoctorServiceImpl : - Добавлена дополнительная информация для доктора Doctor(experience=5, specialty=ENT, qualifications=[23, 2], isAccepted=true, lastModified=2023-11-15T19:05:22.539313)
19:07:41.253 INFO  9465 --- [http-nio-8080-exec-3] DoctorServiceImpl : - Добавлена дополнительная информация для доктора Doctor(experience=5, specialty=ENT, qualifications=[23, 2], isAccepted=true, lastModified=2023-11-15T19:05:22.539313)
19:08:19.879 INFO  6420 --- [http-nio-8080-exec-1] DoctorServiceImpl : - Добавлена дополнительная информация для доктора Doctor(experience=5, specialty=ENT, qualifications=[23, 2], isAccepted=true, lastModified=2023-11-15T19:05:22.539313)
19:08:46.129 INFO  20315 --- [http-nio-8080-exec-1] DoctorServiceImpl : - Добавлена дополнительная информация для доктора Doctor(experience=5, specialty=ENT, qualifications=[23, 2], isAccepted=true, lastModified=2023-11-15T19:05:22.539313)
19:08:54.013 INFO  28199 --- [http-nio-8080-exec-3] DoctorServiceImpl : - Добавлена дополнительная информация для доктора Doctor(experience=2, specialty=ENT, qualifications=[23, 2], isAccepted=true, lastModified=2023-11-15T19:05:22.539313)
19:10:33.521 INFO  7948 --- [http-nio-8080-exec-1] DoctorServiceImpl : - Добавлена дополнительная информация для доктора Doctor(experience=2, specialty=ENT, qualifications=[23, 2], isAccepted=true, lastModified=2023-11-15T19:08:53.991508)
19:10:43.287 INFO  7482 --- [http-nio-8080-exec-1] DoctorServiceImpl : - Добавлена дополнительная информация для доктора Doctor(experience=2, specialty=ENT, qualifications=[23, 2], isAccepted=true, lastModified=2023-11-15T19:08:53.991508)
19:10:44.023 INFO  8218 --- [http-nio-8080-exec-3] DoctorServiceImpl : - Добавлена дополнительная информация для доктора Doctor(experience=2, specialty=ENT, qualifications=[23, 2], isAccepted=true, lastModified=2023-11-15T19:08:53.991508)
19:10:47.381 INFO  11576 --- [http-nio-8080-exec-4] DoctorServiceImpl : - Добавлена дополнительная информация для доктора Doctor(experience=2, specialty=ENT, qualifications=[23, 2], isAccepted=true, lastModified=2023-11-15T19:08:53.991508)
19:11:15.776 INFO  7555 --- [http-nio-8080-exec-1] DoctorServiceImpl : - Добавлена дополнительная информация для доктора Doctor(experience=2, specialty=ENT, qualifications=[23, 2], isAccepted=true, lastModified=2023-11-15T19:08:53.991508)
21:19:12.357 INFO  77392 --- [http-nio-8080-exec-5] DoctorServiceImpl : - Доктор по айди 1 подтвержден
21:20:26.039 INFO  151074 --- [http-nio-8080-exec-8] DoctorServiceImpl : - Доктор по айди 1 подтвержден
21:21:48.998 INFO  234033 --- [http-nio-8080-exec-1] DoctorServiceImpl : - Добавлена дополнительная информация для доктора Doctor(experience=1, specialty=ENT, qualifications=[23, 2], isAccepted=true, lastModified=2023-11-15T19:08:53.991508, lastModifiedBy=null)
21:22:23.014 INFO  7979 --- [http-nio-8080-exec-1] DoctorServiceImpl : - Добавлена дополнительная информация для доктора Doctor(experience=1, specialty=ENT, qualifications=[23, 2], isAccepted=true, lastModified=2023-11-15T21:21:48.974717, lastModifiedBy=1)
21:22:33.201 INFO  310  --- [Test worker] DoctorServiceImpl : - Mapping Doctor to DoctorDTO: Doctor(experience=null, specialty=null, qualifications=null, isAccepted=null, lastModified=null, lastModifiedBy=null)
21:22:33.209 INFO  318  --- [Test worker] DoctorServiceImpl : - result: DoctorDTO[firstname=firstname, lastname=lastname, email=null, age=null, role=null, experience=null, specialty=null, qualifications=null, isAccepted=null]
21:22:35.555 ERROR 2664 --- [Test worker] UserServiceImpl : - Пользователь: null ввел неверный текущий пароль.
21:22:35.558 ERROR 2667 --- [Test worker] UserServiceImpl : - У пользователя: null ошибка при валидации полей: [CustomValidationError[field=newPassword, message=Новый пароль не должен быть пустым!]]
21:22:35.560 INFO  2669 --- [Test worker] UserServiceImpl : - Пользователь: null успешно сменил пароль
21:22:35.563 ERROR 2672 --- [Test worker] UserServiceImpl : - У пользователя: null ошибка при валидации пароля: [just to test]
21:23:19.166 INFO  3777 --- [Test worker] DoctorServiceImpl : - Mapping Doctor to DoctorDTO: Doctor(experience=null, specialty=null, qualifications=null, isAccepted=null, lastModified=null, lastModifiedBy=null)
21:23:19.170 INFO  3781 --- [Test worker] DoctorServiceImpl : - result: DoctorDTO[firstname=firstname, lastname=lastname, email=null, age=null, role=null, experience=null, specialty=null, qualifications=null, isAccepted=null]
21:23:19.205 ERROR 3816 --- [Test worker] UserServiceImpl : - Пользователь: null ввел неверный текущий пароль.
21:23:19.208 ERROR 3819 --- [Test worker] UserServiceImpl : - У пользователя: null ошибка при валидации полей: [CustomValidationError[field=newPassword, message=Новый пароль не должен быть пустым!]]
21:23:19.213 INFO  3824 --- [Test worker] UserServiceImpl : - Пользователь: null успешно сменил пароль
21:23:19.218 ERROR 3829 --- [Test worker] UserServiceImpl : - У пользователя: null ошибка при валидации пароля: [just to test]
22:19:21.389 INFO  3086 --- [Test worker] DoctorServiceImpl : - Mapping Doctor to DoctorDTO: Doctor(experience=null, specialty=null, qualifications=null, isAccepted=null, lastModified=null, lastModifiedBy=null)
22:19:21.396 INFO  3093 --- [Test worker] DoctorServiceImpl : - result: DoctorDTO[firstname=firstname, lastname=lastname, email=null, age=null, role=null, experience=null, specialty=null, qualifications=null, isAccepted=null]
22:19:21.937 ERROR 3634 --- [Test worker] UserServiceImpl : - Пользователь: null ввел неверный текущий пароль.
22:19:21.940 ERROR 3637 --- [Test worker] UserServiceImpl : - У пользователя: null ошибка при валидации полей: [CustomValidationError[field=newPassword, message=Новый пароль не должен быть пустым!]]
22:19:21.942 INFO  3639 --- [Test worker] UserServiceImpl : - Пользователь: null успешно сменил пароль
22:19:21.944 ERROR 3641 --- [Test worker] UserServiceImpl : - У пользователя: null ошибка при валидации пароля: [just to test]
22:26:23.474 INFO  175  --- [Test worker] DoctorServiceImpl : - Mapping Doctor to DoctorDTO: Doctor(experience=null, specialty=null, qualifications=null, isAccepted=null, lastModified=null, lastModifiedBy=null)
22:26:23.480 INFO  181  --- [Test worker] DoctorServiceImpl : - result: DoctorDTO[firstname=firstname, lastname=lastname, email=null, age=null, role=null, experience=null, specialty=null, qualifications=null, isAccepted=null]
22:26:25.534 ERROR 2235 --- [Test worker] UserServiceImpl : - Пользователь: null ввел неверный текущий пароль.
22:26:25.539 ERROR 2240 --- [Test worker] UserServiceImpl : - У пользователя: null ошибка при валидации полей: [CustomValidationError[field=newPassword, message=Новый пароль не должен быть пустым!]]
22:26:25.542 INFO  2243 --- [Test worker] UserServiceImpl : - Пользователь: null успешно сменил пароль
22:26:25.545 ERROR 2246 --- [Test worker] UserServiceImpl : - У пользователя: null ошибка при валидации пароля: [just to test]
